500
0 9503 7186 4486 1452 1435 9702 226 2504 976 4326 979 
1 812 3222 6774 2177 1296 3592 204 5111 5882 6733 7149 3670 2190 4352 
2 308 9956 5186 4325 5271 345 3524 5906 8033 9350 9811 9851 1358 2962 
3 2560 490 6653 2607 3596 5159 6606 2802 5317 7171 4402 3043 1299 
4 1319 8460 6426 8216 2028 9874 5550 9995 1567 199 1962 9636 3378 5038 9965 1668 4901 5715 
5 3838 7006 2345 2248 5532 4720 4722 8445 2447 5965 3747 7442 8343 1343 
6 8637 9364 9351 6527 1834 4388 4812 6529 374 3548 3383 385 6101 
7 1982 231 5859 6972 2640 9539 3710 6896 4253 2872 946 4035 
8 3340 2240 5393 7193 3812 4253 3144 3905 9997 4911 6720 5187 7201 7215 6863 1454 2986 
9 2129 3643 7537 6917 8999 3153 336 6637 475 3099 6290 7445 4591 8043 3163 
10 9820 1445 3636 8738 834 265 1272 8527 9921 3816 8313 6045 952 1638 1105 5783 2 
11 9571 5258 8897 7642 6529 8905 9737 1230 2822 1150 7652 
12 4622 9550 1849 5312 4347 7869 7907 7481 2278 8178 2701 9989 2288 2555 3936 
13 5795 4779 8484 754 3625 9702 2723 6587 3235 8408 7121 4326 1535 307 3905 3012 
14 5968 6281 3549 9400 2585 9101 4004 3902 2998 587 1657 3876 2100 7762 
15 4380 4761 7066 3883 1773 3456 9006 6027 1882 2191 1774 3261 
16 5714 3562 5245 1611 5298 6693 5179 5522 6133 4525 4213 5917 5717 6188 4501 9453 2 
17 7490 1666 8276 3548 1576 8924 895 4466 9611 3802 3074 
18 362 7884 367 5010 2220 1572 1954 924 4178 8004 5787 8247 6054 2121 321 
19 2476 8057 6525 5400 7220 4328 2118 8866 1007 8703 1246 
20 8461 8960 5312 5707 7912 8120 3042 8888 7384 60 3053 8920 7762 
21 1770 2436 7791 9988 4042 6765 8051 2431 4495 280 260 4641 398 2121 
22 6597 7393 7253 7660 7935 2701 9216 1689 766 7038 6101 
23 4649 6517 2147 3973 2129 8526 2946 1670 4381 2453 6640 6445 4286 
24 6263 5427 9121 4206 3419 961 8123 1636 2583 7120 4176 
25 7322 3389 2785 7003 6958 4131 7947 4939 2704 569 
26 4255 3650 6639 3021 2690 3714 5025 8823 8921 439 3929 6810 1571 9139 7762 
27 3180 7697 696 7792 9529 5398 258 6503 1205 5247 8722 5437 3584 
28 1344 7604 6601 7119 8605 419 2105 3152 9133 8918 4294 1762 9313 463 468 4326 8005 7153 
29 7540 9459 6881 7004 4463 3230 5048 6673 5056 9948 4934 2404 5871 79 
30 7352 7847 1142 4786 3260 9263 7987 8195 7624 5693 5143 4444 9477 7770 3073 7044 569 4901 
31 8816 7851 5741 1953 7233 5829 7167 9556 3121 5275 5422 6000 863 3408 9023 2555 
32 6167 4991 244 2498 3368 7439 9418 1328 3661 6549 2950 6119 528 5583 1557 1839 3885 3584 2288 
33 5119 5744 4961 2727 3168 97 6831 9803 1081 2760 9351 5138 447 
34 4859 9059 728 5680 3918 1976 1035 4754 3048 6739 374 79 
35 493 3720 2418 6218 4704 2404 7535 5708 5070 5521 6167 650 2288 
36 3501 2107 5179 8084 107 4224 6925 2669 2694 2424 8263 7057 2491 3032 
37 2067 499 9980 1804 8340 5667 5963 8571 7042 585 5019 1353 2666 5846 7699 
38 5504 4018 4837 8208 1536 598 3471 1407 2703 8716 9968 
39 4291 6258 8566 22 8348 4534 7234 3080 5110 4559 7573 8787 9132 4140 2038 1717 6102 7762 
40 7195 1827 1457 5476 6370 2755 7003 5750 2635 1149 8722 
41 6121 2314 7208 3018 9508 5701 2680 6919 9593 7880 
42 4224 3311 8157 8861 4306 7313 4661 52 9744 6424 9026 5825 4367 3981 1942 5752 7949 3012 
43 518 2339 6514 3457 5416 1123 4735 6950 1201 8971 9923 8223 6412 8858 7320 3958 2707 2962 321 
44 720 1091 9511 505 7800 3306 1280 4835 1394 7386 8265 574 76 1774 9968 
45 5478 161 4561 2294 4159 7503 1978 9276 6997 1595 5092 3325 8722 1710 7013 1920 1353 8125 2 3936 
46 9367 6135 7910 851 7977 5409 5251 7749 6879 3084 918 4435 2014 3885 427 
47 3150 9132 8878 9547 7595 3778 7593 9833 9147 5329 9688 
48 891 4739 2512 5617 833 9587 1218 3504 2054 8200 9595 9485 7048 8994 
49 3005 720 4546 4419 2972 7160 7210 6925 571 9063 2450 131 3739 3149 7585 6020 
50 1343 3587 1513 9419 6857 1455 9138 8246 5043 372 9731 5578 329 5283 8287 4199 7709 6101 1105 
51 1590 1049 6609 5350 9302 3978 2341 9204 9123 8728 660 1139 8671 
52 613 1274 2234 3471 7847 6950 6368 9088 7022 6257 76 2962 7153 
53 532 8718 8160 2676 4746 9108 7865 4015 4426 9303 6613 7852 7517 1429 
54 5850 7353 276 6876 9700 544 3785 9821 893 1229 9709 5762 
55 4684 6311 5592 915 2672 2217 1416 6420 386 9273 9615 9244 
56 9376 3287 1510 4265 1626 8617 7909 1398 3819 2058 7214 5434 9837 3982 9265 4199 9968 
57 8163 582 4133 2771 4675 1627 5143 82 9649 6978 2281 4629 6911 7087 3374 3111 79 4199 
58 5422 4327 1746 5177 8818 1902 6805 9189 5000 5006 238 
59 3904 9558 4741 5406 7701 5522 1435 9474 4538 1509 8358 3012 3074 2 
60 7986 8937 4586 155 4345 537 939 1145 7279 6917 2029 1639 3991 1934 
61 655 765 6522 8432 4225 2214 8653 2992 2293 3764 1987 5386 
62 2125 4395 491 1362 4319 6395 6857 3514 5341 2892 2240 
63 4728 210 9505 8828 8522 9650 2196 8153 5181 4527 5001 8789 9022 8074 9733 79 745 
64 7493 1335 8817 955 7628 1431 9044 1250 4263 220 5797 4457 2555 
65 1239 2258 2213 5557 9931 8854 9127 4579 4607 6547 5308 2318 395 8043 
66 3059 2263 8889 940 6606 4240 2055 2417 4490 2289 8227 6281 6398 8134 412 205 7949 
67 2434 6154 4450 3803 8976 6890 1142 1532 6312 8302 5748 6270 5762 
68 5007 2610 5595 1553 5195 7076 2741 1764 3309 6061 3377 3074 
69 4743 2550 4856 6547 9592 417 2614 7937 8170 8664 2542 84 8618 
70 8538 23 4830 8467 7228 1302 2699 6415 9785 3424 6608 7575 6327 
71 3977 4349 5899 7168 8480 1783 7234 1577 1093 7784 5228 2458 4091 5412 
72 5941 2235 3252 6000 8052 1938 9959 766 3125 702 9565 3543 
73 3751 4653 7787 8721 2263 7733 8665 6287 4620 6776 2215 6021 5917 
74 757 5326 242 6027 9305 6686 7061 5015 1773 1020 7281 7429 6044 5307 
75 8198 8620 263 2548 6249 812 3933 381 9580 9579 
76 2903 8513 9898 2693 286 1014 1198 7692 2576 3971 7948 6823 6797 5451 4399 3894 
77 3745 6058 5737 1010 7923 3643 6005 9493 3390 3469 6616 7044 2771 8994 
78 4083 2638 2566 6577 8453 8410 6299 2127 273 2164 6482 2264 
79 6542 2509 4344 7187 1865 7761 2902 4496 1883 7 6282 2650 8716 7759 6538 
80 4474 4970 751 955 4241 1383 3989 9244 3370 3376 5348 5683 1982 214 8531 1420 575 1348 9510 1956 
81 8311 9505 5797 8925 3864 1304 4175 3169 9282 7491 7578 3776 8268 4626 2240 7285 
82 7362 4223 1723 5915 8408 8390 7412 340 9770 2401 2393 7268 6891 1871 4901 8125 
83 6010 4541 847 6041 3558 3467 2342 131 3418 4809 1537 6863 4060 367 
84 3340 4985 3119 8864 6691 4734 3121 8290 2033 3526 7463 3864 5992 7804 5401 7 9968 6955 259 2962 
85 2695 3464 173 9557 5754 8714 9926 6609 2465 5219 935 
86 9350 736 3599 868 6123 4824 9839 7443 751 3776 1996 552 5211 1476 1925 4457 2904 
87 810 7968 2622 2744 8183 219 5704 5729 2078 6265 5044 5815 254 9007 9129 5748 79 
88 524 496 8859 8353 4505 202 915 7306 1683 2203 428 5556 3398 4959 3772 4311 3885 
89 9511 6935 1322 6828 8457 9388 1528 2457 566 9133 9688 4913 3371 2 2240 
90 3378 2580 3729 8554 8803 2015 1316 2170 4122 5446 8644 6613 
91 8193 5836 5351 949 3312 6837 8954 4869 2275 3580 1136 5073 2037 7786 6613 
92 7769 1179 8762 6541 2435 9815 1024 9624 8370 7584 6236 6428 3146 6187 8387 
93 1161 6717 1170 8680 9413 9703 5533 854 7104 5131 9392 6588 3240 
94 3084 644 3035 3615 2779 5622 5722 8384 2711 2211 5502 354 2182 183 925 8105 7883 5458 7949 5962 
95 8767 3616 4583 4364 1547 8514 4214 7043 1882 3705 8021 8947 183 4340 79 
96 6640 3051 648 6116 5384 5546 658 2357 2993 2683 6991 5809 2657 1710 9199 3894 
97 6917 2939 8101 7775 5998 1698 7607 8862 3394 2878 4445 9003 1937 3758 6613 
98 1649 4390 8305 8014 5847 9796 4521 136 5075 3095 6691 5925 6216 2240 
99 461 1835 2564 3897 4632 4577 1416 1048 3348 587 5194 9007 3012 
100 6624 5754 9207 3691 2874 2459 8628 4780 6273 7118 9545 2288 
101 2757 634 9238 2910 8793 4347 7447 120 7384 270 5766 3447 8117 8388 7684 200 1299 
102 9248 4580 738 62 6035 3372 2420 8090 4996 6686 425 9083 5902 2897 4797 6187 4362 8125 
103 5393 8796 3744 6127 9651 2759 9676 3499 3883 7699 
104 2858 3376 7194 8510 4906 3502 8583 2583 2689 2465 4848 3241 8431 9953 1375 4619 9007 1668 8994 
105 5280 360 6259 4097 4066 7963 1352 3334 4124 760 6762 1763 
106 5332 6573 7062 82 6208 5715 5499 594 5661 9641 4463 6744 9244 
107 3664 5266 7486 4450 8261 4968 5117 9189 8678 2938 134 554 5557 2676 2464 4855 
108 3841 8911 8738 5407 2212 4229 1327 4542 30 4431 7470 3353 7252 1890 8145 1353 3706 745 
109 5338 6038 4749 6636 4992 7204 3902 8674 3637 1888 4015 8057 4913 2480 9013 9007 5715 
110 7747 3299 1992 6745 4808 8514 3884 9450 2967 6963 4912 6613 
111 5533 2644 1195 3583 3294 8097 7841 8903 711 4778 5961 5400 1430 
112 6253 1695 6549 9313 8943 1271 132 6457 5483 6560 2641 4938 4352 2875 3376 2986 
113 3722 4530 8080 4880 8508 9529 9722 8033 8337 8588 1611 390 1668 5339 2192 3074 
114 8234 5621 6324 9895 7556 8173 7833 5494 3297 7069 653 8033 337 8284 2 
115 1711 7261 9932 4054 6337 1102 2931 2391 5093 3625 3537 4787 2555 
116 8637 7758 7561 4867 5731 4357 4803 3244 6264 9061 656 7147 4020 
117 8481 1027 8645 2701 1064 39 760 1336 291 8351 1905 935 6613 
118 7317 167 4412 4105 1742 593 5040 1093 5426 6161 3163 
119 7321 1721 34 8913 4708 2499 5624 3692 8272 7415 828 7454 5064 
120 4986 3755 2796 782 5283 7663 6646 9781 49 8786 643 5898 3521 
121 2017 4243 9172 4414 667 3741 2103 3829 1551 2742 7117 2871 3316 9842 
122 2385 8011 9482 4668 5140 2781 2071 9044 7925 7880 4176 4035 3012 
123 7977 304 4556 6879 2326 7014 7804 268 5508 3350 7659 6178 2327 
124 2417 8376 4331 5636 8615 266 9156 7170 2598 1348 723 8580 9573 
125 7233 5548 8738 6963 6331 8861 212 4312 7629 9799 5940 9172 9089 523 7975 9259 6053 1534 
126 449 3619 4623 7358 8861 7223 4166 7185 7481 2773 2643 9007 
127 6914 1070 4247 157 8147 4007 7877 2532 5161 9388 2877 9181 9573 6153 1668 7153 
128 8827 8131 4937 8119 1805 4966 8797 8822 6043 2747 333 6971 6523 3308 3376 3543 3612 7001 7883 9533 
129 441 7140 7685 4293 5155 6013 2082 5776 6698 3038 6938 6020 2569 7699 
130 9887 7547 4769 7910 5601 6556 1813 618 3426 8659 3064 9265 
131 3510 1567 5804 6601 5155 3336 2948 7480 5831 1581 7 5126 6349 259 4260 9485 4823 9533 
132 2696 9167 1509 3188 7567 4318 746 620 9011 6918 2611 9139 321 
133 1521 2798 8668 5209 178 3126 7525 2748 6693 6656 2536 9928 4442 4855 8994 5715 
134 3214 1588 5665 2556 5578 955 4851 5302 4424 9340 8605 4159 6980 3543 
135 9169 364 1359 389 9839 786 7880 5468 8476 5017 6114 1682 3630 7699 7285 
136 4888 7358 4023 5517 8681 5749 8989 9316 5220 1320 5442 4985 6327 5340 6547 
137 7870 7559 8807 4739 8213 7816 7196 663 4665 4938 977 745 
138 7144 8167 2379 3649 3992 8982 3338 1509 3770 1153 
139 1767 8699 4908 7811 8758 3333 9076 9159 9781 9318 5609 5507 
140 400 3806 6242 2751 1157 2835 7066 8405 4203 5473 9924 4463 1784 9533 6258 
141 6278 8744 7414 2896 2963 9626 7763 5109 1625 1042 3830 427 2 
142 8174 3057 1633 7883 7601 6890 8052 1770 2359 7274 5595 9593 7902 2858 1750 9545 
143 673 2404 9576 4181 9056 6355 6606 2971 8898 4462 6439 6546 5643 3584 
144 794 2169 580 8074 42 5075 2431 4704 4194 8064 3543 
145 6739 3383 4995 8580 8329 6089 5941 5469 361 1665 7327 6315 1383 7210 5175 8387 
146 3665 3077 7799 8626 5515 55 5795 7522 2817 7839 8774 6112 3154 8387 7438 321 
147 5282 6931 6216 4531 3885 4065 4513 7674 4883 9956 4843 7837 9855 574 1246 427 
148 3683 423 3502 3142 2061 3536 9128 9344 8028 745 6827 9545 7153 
149 7606 2497 6420 4416 6054 3262 7676 9676 7517 7350 9235 1541 5389 4805 7302 5801 2155 139 2986 
150 5078 6708 6370 4807 4569 6818 8684 4301 9331 6959 6033 5783 3982 
151 7482 2353 5659 1618 4483 3561 8973 9263 7401 4645 2329 5041 1079 148 
152 8224 3807 4209 9858 9710 3608 3232 9686 7065 6003 6320 3362 3625 9027 2155 3936 
153 4508 8208 2816 4386 4759 5251 2938 9650 5382 2741 1515 9615 1607 9301 
154 1230 6569 8940 8008 7914 2461 4444 7155 4685 8206 867 5762 5715 
155 4572 5204 2645 8486 5855 2823 2302 3613 7940 5371 2962 7314 3240 7949 
156 2669 4032 4774 8389 1318 8016 5339 7573 151 8172 847 
157 1205 4111 4838 2574 7774 8780 6180 8785 7967 3965 1495 9465 
158 1034 4891 6840 8595 6862 8740 7743 3707 9413 7296 2197 7751 7153 
159 8722 1573 8424 9784 1146 6464 6952 6030 8059 5017 9381 7659 6534 321 
160 7903 5202 2258 8904 4031 5232 182 1737 9226 809 6260 9060 7314 2533 3012 
161 831 5240 102 2160 5553 7190 9738 8010 2169 1267 1785 7922 6385 1871 8406 2962 7762 
162 1309 8640 760 4304 8914 7811 2590 4288 9250 9609 7240 321 3936 2962 
163 7118 7327 2422 6060 8162 6171 4906 3689 1481 7110 210 8916 9368 8332 4801 3363 7413 321 7153 2240 
164 3481 5611 605 3356 961 8833 2848 6763 6784 2685 2109 5992 
165 3581 3588 233 6503 1357 3820 9333 8195 6269 2676 3173 4941 1556 9674 571 1522 2426 6544 6547 745 
166 7258 1357 1819 1180 7489 7361 9304 9035 5805 3801 9129 
167 740 2818 2401 8594 9546 7925 2215 382 913 6232 8125 
168 2082 8993 9895 5858 2470 2285 5873 3462 9470 644 4901 4784 1625 
169 8943 9224 6676 9897 765 798 7537 2909 5867 9292 8483 8982 6684 139 3281 6028 9075 5677 
170 676 3152 8986 1897 4076 9459 8240 1081 237 7980 2349 9848 1668 
171 9457 6676 4354 7028 6757 6125 5360 8471 7298 220 3344 2875 6115 8209 3894 
172 592 9774 5838 9364 4657 5666 7581 8303 8810 5881 7329 3885 8812 
173 5957 7789 1958 5683 5447 7642 3628 9241 7307 6675 
174 8544 1622 9499 5405 2547 4159 329 4334 8708 1098 5747 6529 247 935 6613 
175 8099 6507 6362 4819 2803 8876 3693 8070 2879 27 4486 2113 3748 6101 321 
176 9885 7846 4523 9643 1902 4524 6992 1270 7954 5961 4015 5166 1956 9003 7968 9007 
177 6599 8683 3429 208 8407 3721 3320 3209 5230 2061 1652 3602 3941 8671 3012 
178 4370 4819 1163 6385 8514 626 9102 932 9959 3794 674 8125 2340 8994 9688 
179 6497 6498 1674 6258 5923 6105 4301 1354 2389 5929 6157 3776 3796 4055 6020 979 
180 8646 7552 1927 706 1146 3274 4241 9700 5525 8507 7087 4377 
181 8587 8498 4871 1282 8960 6149 9318 1811 1558 9543 4688 6650 5307 1668 7762 
182 4714 5152 8303 5345 3118 7918 9757 6628 6437 6639 5327 516 9758 1752 
183 2804 1215 1555 4294 2992 9830 997 5983 8725 9641 5429 3338 7069 9292 8332 6938 4527 
184 2549 8766 6134 4201 5779 2501 5176 5582 7237 2976 5418 701 1299 3540 2437 647 3894 7153 
185 1964 725 1077 5691 8463 9799 4740 8480 328 2365 6351 7732 7153 
186 8464 566 9171 8163 2584 7114 6224 5601 201 4081 9848 9197 
187 5430 4183 1114 2472 6545 2722 9955 4538 9887 2385 2739 5869 427 
188 3182 6748 3037 3454 8169 98 1122 2225 8274 3016 8610 9129 2 
189 3333 9370 5093 1906 175 827 5310 6335 8814 7709 
190 8098 9360 7526 7351 1893 951 7655 3094 6871 8429 1139 9147 7606 1176 5340 
191 5073 4187 8574 3971 5158 2798 490 1613 8906 5534 6404 
192 2515 6974 9015 3267 9471 6607 3724 7026 8614 8345 6875 1657 7413 2186 6369 7787 5437 7120 
193 2934 5548 2074 1032 5525 2395 732 9696 3111 963 77 6428 7617 3018 3117 3074 4647 3061 6196 8150 5446 5762 321 
194 3077 3454 2006 8866 6320 5805 165 4512 8231 4230 8275 8298 8752 8212 3379 7429 
195 6144 1170 7236 7245 992 1586 3210 1387 8420 8460 1614 1343 
196 5972 956 9512 6452 3987 4103 3537 7601 8748 645 887 7434 437 2892 3119 6889 3371 9244 
197 2687 9935 2745 3857 4909 7453 3114 687 6589 3392 4703 5386 4035 
198 2124 1989 7213 1078 5914 3774 6572 4987 340 3936 
199 7188 273 3770 5460 3227 7818 4039 1006 7737 7537 2699 2986 
200 8758 747 4978 1289 341 7290 5346 4558 3529 1719 7400 3194 5862 5388 1734 427 105 1125 79 
201 4134 9933 9642 5824 5909 7475 7492 831 6348 3895 4341 2506 6101 
202 4284 8113 2099 1715 6423 7888 5883 659 799 1708 4409 6608 
203 4841 5607 4896 1777 4878 2777 3786 8967 4533 2419 1432 5295 2643 
204 6227 1066 3797 1363 2882 6988 3101 608 1189 9963 7318 3837 7088 1429 3894 
205 7567 7837 9069 9694 7860 7274 8744 2398 7058 1929 8644 3982 
206 1600 2631 5046 812 9900 5581 3943 5177 1391 1695 1892 7874 1774 1668 
207 6550 3703 535 4710 3054 8949 709 5679 1072 3297 2547 3977 2519 503 3677 3275 7880 9215 5677 3144 2555 
208 7939 9 621 337 3291 7195 5842 1766 1882 2538 3783 
209 8008 5462 7248 9747 287 8105 1799 888 4887 5451 7474 7754 3351 1695 5964 5445 6584 
210 1162 2111 6954 562 3937 3683 8699 8718 3067 2563 3966 475 9451 
211 6338 1927 7638 3013 3595 7307 8819 6331 6035 754 2979 4909 3836 
212 3202 611 4633 5168 3132 8352 5285 8763 1977 4873 3188 6134 5340 
213 5146 1310 1276 9805 9029 4651 674 6337 8435 60 6012 2977 5097 6101 
214 1867 5554 4806 9256 178 2920 7823 517 6037 4347 6302 9160 7762 
215 1000 5886 877 3742 2372 2301 3005 7360 3851 5871 3877 569 
216 6953 2291 6478 6457 3879 311 2572 1298 9675 3270 7713 1877 
217 1111 5395 433 5353 2231 9388 5415 9048 9997 8434 2340 79 321 
218 9194 8542 5950 9034 5055 7164 8059 493 421 4561 7162 5307 79 
219 3535 5715 1686 7355 6877 6417 9715 9111 5246 7060 154 5402 1273 9444 8116 
220 8899 2062 6712 7586 9395 1017 3946 2550 9627 7945 2380 8647 7976 2190 5762 
221 3404 3363 3126 2109 8915 2197 2649 8224 1620 7884 5797 2396 4884 3753 1774 4199 
222 6342 3999 3735 2203 7875 2952 8119 1577 9638 4987 9219 3653 3079 6554 6613 
223 9388 1391 7411 4363 2885 6339 9387 2160 1161 9526 300 979 7429 
224 1963 2973 7611 1790 1893 1316 2778 2603 3768 7414 7110 718 3584 2904 3077 8491 8994 79 
225 2830 1349 5563 3923 3870 6705 8056 4079 672 8467 491 8133 9311 7055 979 2240 
226 463 8543 2925 4097 6231 7137 1854 6824 2845 1071 8922 1871 1353 
227 2590 5027 7941 5135 8131 9726 2454 9081 436 5986 2555 
228 5630 1479 5182 3450 8358 7398 498 1879 6631 8718 3373 5301 
229 7044 8994 4827 6379 699 6808 1909 7227 4133 7040 8817 989 9487 4786 259 6692 5715 
230 7953 9056 5103 8572 4485 8613 8081 9146 1356 9019 4576 9238 200 
231 6565 8793 2346 7383 9080 6590 4832 696 2930 219 6351 2405 1686 6428 9842 
232 4835 8219 9878 8514 6585 8715 9197 4266 7453 1253 4042 1009 5869 1429 5307 6101 
233 4225 4147 2495 3789 9248 5958 1178 1038 9255 9637 6502 2343 4319 1323 9407 6170 5862 8462 935 6938 
234 6635 3153 7849 2326 2746 8204 1785 6375 5193 316 5235 4073 4402 9087 5895 8183 7782 5880 1871 625 1668 935 5412 
235 8216 5628 1623 139 5032 3387 2780 7542 1410 5838 1165 6020 
236 3843 8367 9378 1952 6737 2815 3018 33 8281 4076 4580 6327 
237 5388 3828 9192 2882 9889 7037 7328 2886 6072 94 9816 4923 6827 9968 
238 2432 871 2272 2681 8836 9653 1194 2573 4775 3644 6834 1276 8212 8711 
239 5929 9823 8990 6048 448 9845 1881 7638 8750 6967 5715 
240 7676 7169 9093 2206 9941 3747 1634 2710 8334 6790 650 1105 
241 4158 4808 1602 8900 5691 3908 7840 7723 4093 7167 9404 5869 3877 
242 2400 7917 7121 1952 102 1881 1345 2785 2584 2138 4765 2340 
243 7122 2368 1200 1549 8010 213 142 3508 7970 2240 
244 538 870 1991 436 1943 868 7504 2536 8159 9159 8457 550 8644 6550 6327 
245 8808 6509 7516 3450 282 6825 7078 8682 2415 8664 7254 3914 5437 
246 2119 5296 1040 3667 8831 5917 6260 7558 3306 2183 2795 6064 4912 3074 5715 
247 5920 2962 5069 7364 2602 3362 8785 3336 6951 1115 8264 2613 6376 321 
248 7248 6318 6786 9752 4971 969 288 844 2562 1091 8185 8344 7949 
249 2274 5549 3135 8858 3837 3645 9966 1303 4477 9102 728 4824 2555 5962 
250 6594 5486 2997 3358 182 9453 1348 1882 9526 5568 7732 9014 3111 
251 357 8188 4284 6562 8457 3655 8595 7240 8469 3286 6057 7542 1912 2986 
252 7870 2157 8627 3739 4531 5825 2981 6908 2126 3715 1850 8125 1125 6482 3758 
253 7495 5663 5112 2494 325 7021 6105 5675 9242 5743 3781 850 3505 8125 
254 72 2272 9618 9667 8615 4140 587 5342 572 2895 5948 3982 
255 1063 4591 3086 8675 1021 5287 9131 1558 8911 1353 
256 2773 8593 1164 3643 1440 2012 9527 6777 7125 3227 7506 4051 5825 1479 7664 3012 
257 915 6454 9831 4550 4080 5389 9125 8841 9258 368 2381 5408 7659 9898 2768 3894 7883 
258 5835 9133 4635 7660 1495 5290 4466 981 448 5536 1850 3363 
259 8115 2450 4238 1569 6972 540 5738 7043 3908 1208 7602 1571 
260 7718 9798 6507 3649 8221 6878 7155 8440 6381 1437 4743 6404 
261 9321 6793 7216 4211 3653 6181 1020 2494 7921 8038 1646 2595 8722 
262 7484 4763 8743 5189 4135 8447 8228 4849 4008 9451 1372 447 9224 7438 
263 1972 2719 6341 2640 7615 5379 4180 8619 3605 4041 9398 6667 9852 5783 
264 1176 8075 6946 6836 7469 9423 5552 1052 2639 8150 6461 4693 1032 727 3775 3074 
265 4496 9811 9634 29 3544 2709 1414 3656 6102 5652 716 5880 6101 
266 7105 3762 3030 3606 1676 473 8068 6035 6716 639 3419 7113 5639 3894 9013 4326 
267 6316 1109 5023 9707 9593 1223 6116 9991 2735 3896 3383 8890 4560 2670 2240 2962 
268 3602 9366 6353 6034 7114 882 6066 2776 2503 9327 3642 652 221 7652 
269 1004 7448 559 4540 7986 8306 6563 4182 915 4172 6506 9600 9301 
270 8213 9140 8272 5204 8336 6985 4242 8199 8233 7795 1668 
271 1581 5428 5960 6586 318 2935 631 5738 614 5401 8800 6938 9139 9374 
272 7641 3484 750 4251 5146 920 4987 949 735 7072 200 8183 9007 
273 9502 7208 6468 336 9508 3079 7265 8426 202 3469 9467 3936 8125 
274 9466 1097 1494 6869 6826 3130 5864 1423 1379 8980 2412 9654 3032 3982 
275 9818 9386 6832 7528 715 679 1637 1807 5964 4253 310 5880 
276 2638 8739 2441 9281 5195 9593 7229 3056 805 4638 676 6537 
277 7480 8923 8965 155 8225 5477 8579 2202 4851 624 3805 8187 3050 3821 5248 7699 1383 
278 3144 1506 1950 6647 9770 6931 2296 9355 6325 6401 8701 7947 5479 9211 8887 79 
279 2327 838 1201 1309 2977 3539 6027 6794 5335 8029 5426 1436 1542 1611 7413 7055 3012 
280 7063 3758 5127 2506 5331 3789 5493 8975 273 7213 5403 9685 4431 6216 8134 8994 
281 5726 9899 1621 5251 3409 7853 5810 6952 8040 1722 2673 3014 4066 8385 712 8130 
282 8872 9583 4984 9365 7197 3947 6783 4444 2083 7413 7880 3074 
283 8714 4094 1777 1640 5086 4712 7770 2228 2653 1075 1135 4636 8396 3700 
284 372 1158 1386 5754 8425 7986 8088 9547 8057 9409 8512 
285 9671 4641 2120 5848 4565 6223 2232 8175 3126 5083 3028 6005 7406 949 7984 6537 8125 7438 
286 3926 1233 9725 8352 2386 4046 3973 4253 5644 5587 8989 3434 3586 2288 
287 9484 3846 7527 2148 5829 1279 5450 146 477 9848 6030 5962 
288 6269 1291 9734 4944 6882 2296 8520 5178 9262 5547 8794 5359 1297 724 7290 7709 2240 321 
289 5179 1716 8484 4366 759 3637 4671 3802 9172 3934 2722 6148 8140 1984 
290 6172 4908 953 9315 7680 8444 3708 8330 6654 703 3363 2327 7413 
291 7792 5765 8216 863 5209 4721 6547 7784 9532 4671 3836 6134 
292 4461 1260 7817 1045 3600 8389 3195 3038 2186 1113 3745 8922 
293 354 970 9732 9691 8682 7796 224 4667 8196 3461 4797 8125 
294 4326 6579 5085 761 2354 6103 2702 6681 9409 4483 4304 6845 1702 5962 
295 3693 827 9929 3382 9041 3243 5465 8577 8002 8476 9007 9968 2 
296 7425 4099 4568 9204 1598 2919 2225 2365 6690 71 2475 9301 9244 
297 1302 6541 147 1626 5144 7118 764 9861 8245 7029 9230 3376 4855 5715 
298 9743 9835 6389 8051 4970 4710 6478 8722 4304 2834 9602 7247 2644 874 3303 3820 8644 3894 9533 
299 293 946 8041 3682 9554 7261 8520 2688 4387 9733 6189 7806 7740 9007 
300 2296 6522 5580 8288 243 8186 864 8430 9065 1366 2643 321 
301 4558 738 3797 1663 7404 7926 3666 8004 3565 4778 3840 6039 1383 7029 2634 6672 7296 7153 
302 2545 3442 297 6022 4417 7967 6492 7635 1734 5347 8442 9146 5437 2340 
303 8984 5789 6345 4118 500 3963 3318 814 5826 447 9545 
304 4915 1708 2430 4965 9199 5676 7797 8568 1007 8768 5520 5504 2951 5084 4985 3012 
305 8596 8015 3561 1248 3284 1901 3096 6886 5757 7999 2744 5509 2546 8116 
306 7545 6851 3614 2614 4158 6558 1571 4484 2492 1978 6321 4531 321 
307 8085 9568 2630 7424 649 8054 7042 2880 5781 4434 8021 5038 2458 
308 7152 4671 214 7688 4341 4703 5757 7362 7556 5786 2531 9608 176 8130 
309 3172 6402 5363 5977 8953 8000 9646 2834 3892 3019 2426 9930 
310 625 4292 6211 1581 1757 7734 947 8241 7114 3132 220 3023 
311 2824 6350 9001 4763 7215 9706 2071 2614 7648 3207 1763 9244 
312 4508 5540 4071 3657 362 8705 8234 2278 1981 64 6663 7162 3048 2887 9834 3700 2240 
313 9867 0 3104 5589 7131 5331 2256 5312 2457 6615 1938 1840 1948 6134 1287 1534 
314 919 5045 6437 5094 3009 2329 6096 9705 5562 6799 4528 9139 8994 6613 
315 5606 3418 1171 5853 2622 4981 6575 9130 1060 1984 4314 79 
316 4594 8295 9993 7289 9604 8067 1577 544 6018 8837 8118 347 1311 9047 9834 3106 7736 5412 
317 3723 93 9184 1639 7058 6024 7999 2959 4393 2680 5446 3074 
318 9288 2983 7816 5789 7523 6554 9948 6948 366 468 6355 6020 1625 
319 3746 8672 2582 4840 7771 3995 5363 392 4651 3285 6189 5748 
320 3983 5244 1456 9168 9808 7603 1164 788 5651 7965 3987 9889 2986 9533 
321 8588 6540 3153 4421 7426 734 7164 3229 6183 9348 7843 1336 2292 6635 2240 7652 2962 
322 1431 8625 5394 3064 574 5195 4332 3015 1914 8966 1888 5193 8140 6296 4855 935 
323 6439 1639 8597 2234 9711 6706 8987 4033 41 1443 376 5300 9367 9733 7219 3830 2288 5715 
324 3537 8581 301 4761 7734 3422 8424 2111 9585 6025 2732 3885 2240 
325 2479 2548 2236 5764 8674 7340 6709 6066 9301 4901 5715 2555 
326 2308 8413 5509 7603 5151 6624 8785 4073 8710 8571 2264 3728 2 
327 6492 8586 7543 3454 8276 2850 9954 4532 5424 5182 9348 5446 5122 5880 
328 3787 259 3171 2956 5023 4490 1450 8629 9064 7289 7234 1841 3714 8105 9842 
329 7797 8904 8954 3980 5287 1348 5185 5537 1678 66 6878 1903 2699 
330 2314 1692 4087 5013 8704 3315 5611 6338 6082 
331 883 6953 8428 6959 719 6535 8175 3591 3267 9863 7251 3524 9600 2 
332 4242 6158 7843 3586 657 1399 4185 661 8455 9178 9990 6134 2327 
333 8935 3594 7090 8779 8735 84 6008 3609 2406 7459 2485 7956 2752 4510 2143 8495 8293 
334 2469 4186 9475 2161 2436 4857 1307 9126 7776 5216 8462 8293 2240 
335 7409 8732 8647 4270 6105 6507 5447 2585 3855 6778 7747 5477 8212 8134 
336 2658 7741 8469 838 2187 8280 2201 9809 6201 1625 7901 4216 8920 3885 105 2 
337 3442 172 219 3563 3095 6205 7726 8739 3293 6353 9465 
338 7965 4478 5389 7213 8410 7693 5873 1629 9362 6770 8624 2628 166 7972 9483 979 
339 7859 6717 5153 735 1078 9255 91 165 1364 7461 86 6588 108 7023 2409 2288 7949 7153 
340 2272 5534 3587 3794 1075 7741 2276 2721 9865 4258 8257 1763 7652 79 
341 4814 588 243 6848 2536 5840 5032 2567 9073 3153 2768 8910 
342 4010 1438 8851 5242 9085 8898 5582 2296 822 6928 4972 539 9993 5341 2288 
343 6626 2008 9657 6480 6273 5808 3848 3611 7525 3870 8363 9014 3012 7949 7296 
344 7885 4291 9312 6713 3573 3277 4901 3762 9167 6641 8036 5639 476 9598 759 5248 1668 79 
345 1380 2691 2648 6858 9018 9736 4917 9899 8585 5660 7709 4035 
346 741 6063 3538 5158 8260 7543 8264 6524 4189 8683 6270 2555 
347 3249 9079 7522 9510 240 7675 5152 8143 2290 6042 7606 8188 3506 6049 6115 2155 6369 79 
348 9859 4142 8880 7248 2515 3610 3907 1752 6341 2466 8594 4562 4463 9330 6467 8844 6258 
349 7969 2061 7130 6476 4332 1224 6164 4396 3003 4402 5677 2962 
350 8461 1379 632 5686 1574 5809 4448 4054 4121 141 3835 6334 1058 4326 7153 
351 8136 7206 9776 1394 1740 3681 9414 513 8781 4464 141 4736 1052 5693 218 7353 3944 4326 9968 
352 3501 1108 3227 335 578 8882 6861 9331 2169 9968 6621 5322 9533 3894 
353 2987 6762 8882 8167 1694 828 6758 8319 2485 7043 1128 3396 1982 3697 399 6467 4664 
354 8674 4353 2000 1620 4296 8331 5952 4181 5163 2494 7713 
355 153 5293 4059 9061 1096 8459 6607 8111 6141 2643 
356 7909 4151 2843 917 9597 4243 5666 907 3784 6370 8740 5044 4326 3758 
357 7086 1226 3586 6434 1408 2229 4553 1071 2325 2825 4597 4955 9843 9820 7736 3012 
358 6964 3961 5036 96 3824 1044 5466 3542 3005 8768 379 3726 5030 
359 5584 2125 1401 6496 8964 8308 2730 7413 8850 6364 416 3286 6695 5007 8965 2085 3386 7699 
360 2089 2130 4585 1960 6595 2076 6030 5897 7021 8307 5895 6270 3673 476 979 7652 
361 9791 5503 9768 847 9108 1765 9140 4761 4924 6752 2872 731 9834 9050 7919 1668 
362 2070 9693 9266 1639 7721 265 8753 2844 9999 8097 5607 6084 7762 
363 1540 5533 9529 5779 8258 5960 3525 8944 9352 1705 8776 9228 712 1984 4985 
364 9317 8972 89 1236 6133 4998 524 3486 7772 2017 7943 8815 1091 8928 6404 
365 1902 4439 348 882 1294 142 4394 9437 1299 9013 321 
366 9856 8609 9210 2764 5523 1657 2126 8445 1070 115 7873 6691 6762 9640 876 9075 2555 
367 8781 5611 9862 9405 7801 5706 5275 2715 3461 9604 1534 9270 7240 
368 83 6587 263 7322 4461 5571 3860 1255 2424 9129 
369 8464 2803 7840 4258 6740 3825 9676 8511 705 4551 2938 2962 
370 5419 29 510 2780 9274 1822 3748 8196 1650 8522 7598 5005 6387 5962 
371 9106 5836 1574 9626 1317 4892 7226 1299 1376 7256 3132 2873 3316 
372 8739 2745 8109 7591 70 10 7318 2005 6175 2176 7304 4257 3764 5379 4597 6248 3074 
373 8443 3604 1710 196 1851 7974 8138 4237 7087 3037 7469 5966 9075 7438 
374 694 1682 860 36 9241 3140 4595 7294 4013 4293 2939 5156 7652 
375 8032 7231 7308 3793 6872 7625 539 2499 2121 
376 9087 5679 550 4401 7513 5054 3851 2485 9871 2851 9407 9389 8419 5229 6953 5437 6903 2533 
377 1838 6166 6794 1586 8084 1351 8302 4237 7118 8276 3163 3865 6672 4786 7949 427 2962 
378 2044 1451 6546 8521 6042 5131 1405 2191 3193 7938 4588 454 
379 5626 8410 2900 6718 1002 6715 8630 3962 6846 2429 5702 9215 2240 7652 
380 233 9233 3747 1335 4582 8689 5886 8637 7082 7879 6234 4037 1134 
381 227 3404 4382 7174 919 3438 1046 2460 7163 3877 7482 267 935 
382 9215 6925 1327 6905 3829 5100 7899 1212 5697 1888 4298 1456 3758 
383 4128 2013 4662 5672 4308 2500 6132 7143 2476 9409 2818 2233 3113 1423 116 2175 6982 5715 
384 4696 8014 7239 7218 9706 8384 8275 734 8297 3125 8416 2392 605 6437 3836 935 3936 79 
385 8106 3536 6823 4659 6231 1150 1789 1134 7962 1309 7377 575 3871 5885 8269 8812 1984 
386 2823 8073 8743 5919 7389 5574 7232 8934 2263 2900 5468 1287 1761 6454 5543 935 477 7699 5715 
387 5429 169 16 8722 9933 4402 9068 6514 1648 2864 6730 3002 7806 5565 3388 450 9842 
388 457 20 331 8253 1078 2030 895 2868 5119 8213 3762 6170 2643 2962 9968 
389 7148 7345 500 2803 240 8225 1583 2829 1821 1105 
390 7111 3172 4808 5141 4178 3298 8023 9703 5905 62 7715 4086 276 2155 374 259 2327 
391 5690 686 3476 5560 7885 6720 4429 3074 1423 8263 1195 8546 9137 4994 7251 3320 7123 3232 7949 
392 7269 9637 4599 8747 6616 3037 9295 1409 9728 828 4421 538 4558 780 5458 935 
393 3785 5710 4994 6092 1006 1673 8960 996 1940 1834 3158 7575 
394 8298 2586 488 1763 9804 7338 7730 9537 479 9695 6964 4437 3077 321 
395 9428 1180 4387 9104 4158 8583 4801 8002 1861 5391 3963 5400 7699 1383 5962 321 
396 783 6646 7122 9764 8186 945 1106 1732 3829 1835 9295 4123 8269 8209 
397 315 8894 9415 2734 9388 4997 2967 3997 8741 8238 7185 7575 
398 3283 5256 9864 2837 2221 8241 1386 3210 4400 6187 9045 8487 4985 9265 6538 3427 5869 4855 7949 
399 117 2152 4124 2206 2521 2628 2609 230 3263 3184 935 
400 6594 2037 814 6017 6568 9414 9655 4307 5127 9057 5347 6675 4340 3982 
401 8281 7543 5008 7426 4271 7025 2736 491 7279 8209 6547 
402 3193 4470 4422 9760 8673 6205 1307 9920 1130 9243 2858 9487 6311 190 7240 79 
403 7690 5345 9450 4356 9959 7965 3780 8743 8898 1309 4583 7367 3074 
404 1176 458 6531 5686 4264 8627 8562 1028 7371 5400 5373 3364 6547 5869 
405 8295 5011 5515 8004 9462 5062 603 2671 3087 9156 5125 1686 5543 8994 
406 818 5861 7465 8471 3216 734 3600 16 5234 6934 8375 3147 1668 321 
407 4057 3081 3846 1771 1824 3745 3242 5603 4904 4612 6229 4995 541 
408 1558 7288 4769 9960 7459 7249 3895 9067 6456 3757 2595 3877 
409 7155 8404 3626 3634 1467 8780 8511 3279 6176 6295 4107 
410 2491 1220 9266 7484 7330 6062 7435 9245 429 1735 7173 6545 3936 4901 3543 
411 5816 4716 3563 2077 884 265 7682 873 7779 421 7218 2263 2643 
412 2596 7902 930 662 7353 2737 9666 210 6144 3735 9094 638 7924 1758 3401 3113 7699 5962 9007 
413 6471 4557 3523 1664 8010 5490 2329 2140 4870 7234 8462 1083 9968 2962 
414 624 2462 8749 8676 9031 1745 1331 9448 7110 2796 6109 6743 8267 3077 979 
415 312 4251 5466 133 1458 2915 4191 7603 9537 6560 7219 9968 3012 
416 191 1280 5705 5561 7852 4475 3256 2913 4867 4027 8958 7426 3728 2962 
417 3416 7117 8361 9959 9283 6548 2685 3193 7916 3048 4929 4279 4302 7802 6938 
418 4014 1238 1242 8742 936 4829 3463 3251 421 6102 7235 366 8743 5950 6170 2175 8069 5445 8125 
419 4088 3158 4825 8241 1319 8632 1055 3888 3615 7038 3238 4985 979 
420 442 2189 3791 5414 6191 7028 6523 989 7192 3381 1796 8243 1079 1668 
421 5155 1632 6467 2945 6221 6511 7827 8400 6840 2749 206 6340 5622 4528 6390 427 
422 8952 5660 1693 9577 4849 8240 5884 5829 3297 9040 1800 5962 2085 
423 3097 6665 8957 9196 44 6516 9397 8272 3873 9905 199 1956 7413 7296 
424 6055 9196 2958 5121 2530 6899 6961 242 6488 482 7713 3304 847 2240 79 
425 4252 84 9247 6196 4280 9028 3217 1663 3978 3867 4953 2191 7713 6938 
426 6611 3415 7736 5956 9823 7078 3715 675 3896 9882 8741 88 4569 4982 2109 5326 5762 1668 2962 
427 4995 6722 8033 5431 583 1937 53 1630 4437 5024 600 847 8786 8227 2555 2643 
428 9366 2788 7901 7980 639 4289 6353 5711 3759 4277 4108 6153 7762 
429 9588 8399 6461 984 5991 844 2180 6511 8443 6920 9138 2986 9533 
430 3525 1302 7020 2006 1183 982 8869 8255 8392 732 79 321 
431 8779 4456 4517 4064 8461 5634 8350 8536 6433 3463 647 4035 7652 
432 2161 6793 5794 4791 7525 2059 7427 8523 6918 6279 2191 7929 5867 1979 7438 7120 
433 5407 5552 5208 4032 7467 9239 3853 2499 720 3784 429 9060 2155 4693 2100 8221 7762 
434 1151 7430 4195 652 3739 9159 7197 6103 4243 529 9206 2552 444 3074 427 
435 7685 5462 8011 1602 5741 9648 191 5099 4791 847 4558 1091 6698 
436 3724 9798 4555 5933 6345 9650 9488 8638 4292 8810 8934 4035 
437 7807 1398 8278 2055 9558 9657 193 2727 5883 6447 9667 8331 8193 2533 
438 7770 9161 1361 854 9816 5240 6143 8368 7681 5310 2927 5359 894 1246 
439 247 262 8517 6422 9622 6628 2673 8943 5622 4281 9259 838 935 
440 2925 6723 5730 8145 8803 516 5661 5614 2985 8983 2483 6895 9531 4624 8248 8649 3584 2704 6458 6613 
441 2491 4089 2805 9137 6609 5503 4897 9445 7544 144 7155 148 6364 2128 7949 
442 3959 1044 4086 8081 4674 5085 6095 2922 7741 6413 3988 4522 8391 2867 88 9930 4501 
443 4913 9079 3783 5350 7859 5022 4777 71 7377 6209 4851 802 3841 3307 9533 6258 
444 5429 1889 1285 7117 5887 2706 4924 6470 3017 8143 5285 1000 7861 308 2611 5715 
445 2364 4380 360 6179 503 1908 6195 1902 1195 8995 5504 259 7997 7652 321 
446 9067 7510 3288 1793 1441 7909 3280 7536 4821 4034 2879 3316 9931 6101 2240 6613 
447 320 296 3147 2770 8650 1115 5567 9716 3202 1301 4558 7426 4624 5748 
448 4084 3886 1672 4559 4489 8942 7025 6379 9739 8535 2158 6938 
449 6502 3813 6069 3622 4116 9134 4942 2169 6465 4936 8840 7204 7545 5445 
450 6507 1181 5447 7688 2120 1202 6176 9818 7591 65 2655 756 9004 4988 7997 6258 1979 2962 
451 9148 9229 8061 4891 4328 2872 3707 8359 2403 992 5525 9721 2904 2962 
452 2707 250 9093 3015 5880 6115 4907 4736 5146 8845 366 1517 8851 2199 847 7296 7699 
453 2730 1342 9440 4310 3392 9372 3031 395 4693 1565 3014 2433 9485 3936 5715 
454 6974 6704 9715 3414 418 268 7662 9732 6534 4314 
455 1554 5531 2572 7698 6937 5529 8391 9716 6888 8977 6405 2227 6260 6721 502 5661 5504 4855 2240 4020 
456 7489 5359 9711 142 5401 9800 4596 4899 6663 2786 9292 5705 1798 3837 3656 5064 
457 9986 7362 4143 9445 9871 8391 8989 8720 267 9954 2868 6863 4071 4749 6502 300 6613 
458 3324 7567 9930 9094 7221 2754 5230 7340 788 1935 1243 1788 8814 5386 6134 7652 
459 1259 4029 5662 7643 5043 2245 8307 7223 7609 3815 1219 9294 7927 8387 2818 7474 148 9007 3012 
460 7775 8600 7883 3195 3018 4795 338 8728 7276 6841 9569 9370 8337 2249 3397 4766 7679 6258 
461 2963 6357 4148 4287 845 8358 3775 8861 9787 4013 1950 9573 3877 2962 
462 3727 2194 140 7318 8948 2859 8090 5859 318 8436 1665 8451 2562 5794 9412 9842 9374 2407 3982 
463 3727 5880 2371 5492 9655 4485 9482 2539 2871 3691 4189 1908 4501 6379 1534 8470 
464 2500 8806 9690 4039 6241 9524 2985 482 4910 3926 3752 
465 9429 2133 8236 6286 6410 5866 6835 8436 8118 4604 5003 2 
466 9967 8516 5796 9797 6275 8060 3744 9342 4822 2101 9939 8116 8140 9191 9199 
467 3716 9988 1191 9458 8279 4386 5856 2369 4364 6459 345 1276 2699 4326 8130 3936 2240 
468 7249 9828 7231 7058 741 852 8773 6119 7742 569 321 
469 9590 4137 9170 7947 8328 7946 3940 858 4909 412 8994 
470 6332 9440 3121 6854 9683 5442 6763 8413 7363 1574 6056 4077 4107 8069 5962 
471 7239 8707 8604 4688 1637 9420 2417 4752 1424 8458 5192 5206 9224 843 6054 
472 3928 8287 6780 3310 530 29 286 6637 5016 332 1476 6611 1134 8387 1979 8994 
473 3211 27 2736 3122 8357 6067 7112 2483 9759 7073 5958 640 6545 6029 5445 
474 9566 5277 6144 6961 2462 773 5734 6078 3230 4296 2998 8018 1721 2923 7525 6054 843 
475 6076 2225 6213 2703 638 3041 7391 5360 2351 5456 6652 321 2962 
476 616 4214 1930 7329 3887 568 9308 6654 5392 6912 2892 7709 3982 
477 8501 1757 4837 4322 650 8805 1928 6231 5365 2188 8734 4123 9483 4170 6986 979 
478 5679 7713 5677 8992 9463 2196 2896 6329 1682 7893 5526 2623 2759 3521 2327 9139 
479 6880 205 7991 3812 1625 6378 901 885 387 1226 277 1533 3128 1603 3320 3964 7968 3012 
480 7362 5433 9521 9305 3660 9366 3412 810 5637 452 6748 5583 8005 2240 
481 7306 2844 6809 3253 8806 6521 7185 1637 4757 3394 4511 611 1774 
482 2215 4646 9675 6309 6491 7043 3648 7923 9440 2087 3006 8005 4199 
483 1047 6691 2953 4561 7895 8072 5012 5744 319 8814 9953 8156 4378 2 
484 798 7503 316 8383 5322 6826 138 8092 6961 5485 2286 9522 4045 1809 7105 1256 
485 9274 8831 7075 1628 8698 360 2508 3031 3404 29 9329 1562 2150 7133 1299 
486 8390 4830 8081 8717 7815 8152 3001 8159 3068 6387 9036 4624 5483 7713 
487 4136 2224 9395 7627 912 1719 833 5375 6743 1718 752 3377 4560 6082 7153 
488 5997 3097 4755 136 137 6065 7218 302 956 9566 9664 1428 6232 7629 8491 7880 4988 3376 3103 2 
489 1847 1942 7904 5555 2228 7197 7500 877 5049 1448 2068 
490 1352 6429 9389 5610 5013 5930 6275 9705 1793 1080 3081 
491 4183 3672 4963 6924 3351 5078 6694 2463 5680 7121 9673 1555 2175 6547 979 7153 
492 2796 1945 2860 9654 5958 8211 2256 291 1604 5257 7569 4965 174 9392 1878 4282 6650 3012 
493 9233 5656 2514 9888 5153 9326 5148 9931 5818 2279 3189 3240 9374 8125 5715 
494 174 2548 7738 1636 1548 339 4691 725 3655 7889 6625 4170 4341 9224 
495 8294 999 2996 9526 7577 1733 3069 2998 3332 761 5029 2013 
496 7134 2981 7445 5649 3672 9513 6444 1881 7755 6693 1868 4341 
497 4431 573 972 6626 9711 3541 5396 8523 1677 3714 6666 8942 5523 2668 6538 6258 2288 
498 2730 1606 3895 3392 670 6501 211 2313 9934 7682 1851 2426 1325 6062 1328 2666 5412 2288 
499 7116 6132 3900 322 2138 1916 4347 9755 3867 2300 7975 8029 935 7713 
