100
0 17 25 5561 0 796 1 49 34 4 62 2 16 3 242 2622 12 5 8353 6 13 19 463 6052 2329 265 32 720 23 20 88 3457 
1 17 2128 38 0 65 28 470 1581 1023 64 14 15 4 1363 3765 422 10 24 2 178 892 1 5 2035 199 5011 1871 3450 11 3 2908 162 1780 141 1290 252 
2 0 590 28 22 54 158 1289 1553 34 97 45 77 2 1 3124 15 7056 3878 38 9 57 3425 7 268 3797 510 252 13 262 2428 10 1948 967 1389 259 5 155 2264 
3 0 1 7231 313 513 712 3 6 10 2784 12 13 276 60 144 23 1050 46 456 32 84 851 259 5 21 26 35 776 356 197 
4 0 335 167 1 4 6 47 45 58 17 16 2 37 3692 29 154 21 3 2260 133 7 5 12 57 200 786 136 10 8 2431 446 82 65 383 3767 
5 3 524 1292 2 93 94 0 4 28 35 5609 105 120 52 217 44 17 20 1 1540 5208 5 75 24 1239 143 9 97 32 23 57 621 6 27 2872 968 
6 145 70 719 0 8290 378 163 463 4242 44 111 114 165 162 16 1457 825 245 2657 115 2 4 1880 180 38 18 1 209 1466 320 78 583 
7 169 9109 3698 833 4 569 0 1000 7 5 17 63 332 8486 1452 1 44 3 92 177 302 236 2096 496 27 47 94 6031 3842 23 3228 12 126 3424 1384 1290 1310 7624 
8 2243 57 0 52 2561 3 151 12 101 1 89 312 2 8614 8 898 244 984 94 11 32 6 6711 2671 24 7135 65 404 3774 
9 0 5226 353 1 12 19 2131 6 1270 248 2725 31 733 630 110 25 1545 33 100 11 7941 14 3 4 75 858 204 2170 145 229 138 6729 
10 1286 2203 1506 2932 36 269 0 4 5 8157 14 3801 18 27 22 1 268 26 75 4190 55 4978 239 381 2 3 178 716 12 1415 7 38 138 2848 
11 742 705 97 7328 3204 214 1558 47 1 2 28 239 6 1828 4 0 670 19 222 13 3 5 1566 15 523 3350 37 551 3163 14 84 27 6238 22 5350 1334 
12 0 266 4 3558 377 1 20 288 181 52 2 68 3 8906 8 4167 902 7 133 12 11 488 6 4150 117 3887 23 5762 13 1733 40 5 19 1613 138 
13 14 7202 6 0 2429 104 12 1 5 21 1793 2590 17 343 18 572 425 5532 36 3 558 166 3081 139 1948 602 68 174 16 9205 422 78 4336 236 
14 2925 1244 159 11 5427 2 1216 0 174 886 39 6570 1 801 3001 30 3 457 102 2014 100 4 48 325 635 45 963 112 708 9559 126 27 138 
15 21 1 0 2 362 466 396 25 584 59 3 1394 160 66 26 4 1270 131 9592 43 314 898 1606 12 11 9 8 9085 930 5429 145 4148 155 3244 
16 1 0 4117 5 22 465 340 41 30 14 461 2 2527 643 3929 4 191 79 160 6565 481 109 165 1579 4723 3 113 3309 595 4371 
17 1743 4791 5893 186 70 0 6 2571 1927 5782 591 11 4 20 61 122 7 390 357 352 1 110 62 637 5205 3731 29 2924 2 291 1527 16 158 138 583 
18 1457 712 3330 3 122 79 42 2040 4 314 6061 773 496 3036 1 362 6658 3116 1687 639 7214 4102 5 45 2 1271 9 43 11 14 8 252 176 554 
19 832 187 6543 0 5924 388 7 2 76 1 120 81 283 222 381 419 98 35 17 6 3 5 188 184 30 45 58 9736 15 1026 27 28 3758 104 1737 
20 2 1 14 0 3 1880 89 15 10 1797 149 2153 3575 249 7 652 8724 706 19 5526 1321 44 39 137 1210 127 364 1052 8 181 3899 77 9 17 69 120 859 
21 3 0 109 14 57 25 125 121 8 9677 44 13 4397 15 9373 20 1 150 200 2 66 4 302 100 2947 65 118 4020 69 199 35 1037 177 9 859 7242 138 4247 
22 1851 4 751 0 3 26 7480 7 3009 2450 2 822 863 56 20 6747 9 125 205 471 5734 39 546 23 1787 446 48 2256 163 1496 3164 8 9517 
23 10 150 1 187 0 1201 53 758 261 13 947 23 19 183 894 39 2 74 375 572 3 281 17 99 4 162 9 18 27 1925 21 8 
24 286 724 175 236 769 0 139 67 5 7864 24 59 216 13 1926 382 5459 90 2492 160 1 2 287 550 30 5294 7 19 426 6 1253 118 5167 9 1364 596 69 6138 708 138 3756 
25 2522 0 6 436 241 17 1 4911 3 996 2 4 130 23 5 6260 10 178 4722 32 2725 179 769 542 1416 4216 301 88 27 158 19 120 2264 5482 
26 1485 152 1077 90 3 105 1072 12 0 33 160 170 15 61 30 7 168 842 5929 52 38 2408 1 2399 2 1019 10 130 23 162 637 1395 977 
27 122 546 23 4962 6 171 238 1 29 220 1329 4 3 7155 18 39 20 11 2 586 500 25 9 7 2355 256 463 37 0 16 28 6668 155 
28 0 76 105 4625 332 6192 67 6 1 30 2557 9 830 7971 47 3 9407 1151 2 78 196 19 1193 815 402 10 6481 119 1788 755 37 104 531 63 368 1917 968 9517 554 
29 80 7306 375 0 1 2885 1442 243 20 93 5 390 2359 16 3 702 15 2 1721 6 66 861 8104 6424 10 32 636 8917 92 48 2087 7460 1825 139 37 2216 1077 
30 0 1 26 993 2014 446 1818 2647 8365 28 1298 1759 14 1391 10 5760 29 234 17 21 945 23 2 418 12 5666 223 885 61 621 5526 1263 
31 36 5485 68 578 0 51 2 6 4 975 1756 741 6705 237 9 4818 9248 89 22 26 190 14 1 398 8 66 92 44 49 890 1989 58 4259 1159 19 63 197 7624 
32 4334 2 21 1498 0 1506 280 1039 68 10 46 7 1 1325 13 119 9862 6 3 9575 4857 1579 2700 180 169 80 107 4 362 518 160 121 5921 
33 1 4 2425 6 16 3 53 5 0 2207 204 3513 651 1889 5364 111 43 8 431 89 6005 457 660 14 15 2 497 400 1917 47 1053 27 9 2848 6656 3097 
34 1813 1 2 876 0 20 294 3764 3663 594 5 60 12 2417 2254 4229 1878 5850 858 67 3125 1825 3 2196 169 4723 329 14 172 118 822 6 4977 9 2504 6604 900 1482 2153 
35 2 3 4 0 11 95 186 1782 1 5 277 259 164 502 19 7 3537 198 102 1959 55 1830 37 22 8 85 73 13 101 128 123 3790 9 12 899 388 2148 
36 1713 9798 0 56 465 1886 8 2 1 40 262 5 4553 6 16 164 2930 327 9 49 128 61 1027 37 15 111 378 4889 319 144 54 78 11 410 751 126 69 797 5091 1290 
37 0 1 2469 514 4 2 6 14 146 19 15 548 114 201 65 16 9 57 444 35 21 9952 3218 77 54 7 5 36 3 2776 268 140 32 263 3222 44 8 3097 1737 
38 4 6 5 4394 1 96 3843 2656 106 2 18 24 125 881 13 352 0 3490 6284 2963 87 81 374 3142 1765 50 113 853 4682 15 101 8 
39 0 145 16 20 257 2 25 102 3911 1857 8 80 344 3 194 600 23 14 10 130 34 143 9 250 2229 30 547 644 1879 2758 99 5634 1153 184 583 176 5381 1671 
40 1697 0 784 36 78 2 82 1787 1517 216 66 2490 3 23 32 116 223 6 55 651 154 21 1177 367 669 144 30 12 183 33 4 552 
41 752 3003 14 3 224 1 305 2270 9 37 500 50 39 0 1965 9767 84 2 4 105 133 16 69 128 15 44 1324 2453 97 11 1562 309 6 241 2151 1809 63 197 554 
42 7 76 32 2325 5 0 262 603 2 119 227 937 14 1 1944 11 46 213 95 1717 16 3 23 1211 1999 7360 72 93 27 21 4429 1495 8 708 176 
43 8378 454 0 2117 109 6229 150 2 10 5 8855 1288 79 3 11 6735 2624 1 4 5689 17 51 6 1232 106 14 222 510 8 968 
44 1 0 194 6161 87 3 2721 6 4 50 10 75 2 7 23 15 2974 891 246 73 207 19 438 33 377 12 231 44 30 422 5 28 184 176 708 
45 1 0 120 13 2439 40 2 6 15 9804 45 5932 476 3573 368 7479 8 108 2425 36 408 10 11 595 310 46 121 5 17 20 27 7 3475 169 455 5564 7584 19 5661 914 6459 1954 1310 
46 22 2 201 1 3 1183 0 1361 9864 20 46 5 1013 159 136 4 1502 18 152 9 1934 1697 1561 13 6692 761 6 49 39 82 7 12 8 
47 81 1 2 45 871 39 868 4 466 5 4060 1680 0 9 14 3 8489 8614 35 16 140 7322 685 286 6 3022 287 96 1893 492 1307 7 8 484 138 303 583 
48 0 3082 3025 1375 1097 7 19 131 1023 156 256 54 10 133 36 568 75 1 68 4821 102 62 48 4246 39 465 4252 2 366 9 594 4247 948 
49 19 2 1260 473 103 4207 4410 8 1 1504 5221 4 108 0 1677 15 140 1885 3 71 6 42 433 21 1026 704 6686 390 152 5 22 7 301 3831 
50 36 60 2375 6 18 98 5268 349 59 0 218 46 7631 3 10 1698 154 6629 1752 3643 41 16 1 44 2 45 8892 19 7 8 126 968 
51 2148 508 40 16 7 0 7711 5031 4 53 1 143 104 180 2 6211 304 780 12 99 52 6 18 1415 160 39 2642 426 157 1692 
52 1666 0 104 1 317 326 64 51 6 1401 603 853 18 48 10 17 1186 178 2292 982 80 46 3 308 62 13 654 5 65 9 37 120 
53 0 360 6 10 136 7559 12 4 1224 1864 124 1 19 5 2 1443 437 3 458 5415 64 121 325 1209 1558 8660 73 29 1677 23 1912 7 120 583 176 
54 622 0 349 147 225 3799 1 380 15 4 59 17 2 689 12 27 3 11 4154 88 24 6 56 8 109 174 39 37 735 372 869 968 
55 13 43 704 458 84 36 7 1 310 8325 943 0 1009 27 38 2 11 14 108 6 656 3 56 155 18 116 4 2448 110 2105 24 20 17 15 1283 9 1184 6887 725 2486 1737 1502 
56 19 799 70 1 0 45 178 16 17 6 1067 4571 1476 33 41 4 10 1890 9 868 902 21 22 6188 48 1614 514 13 232 9212 18 38 1502 1315 
57 4 43 28 21 39 45 0 2 7 9 10 11 102 25 592 5 33 34 1 160 6 14 22 36 13 223 2102 2836 496 111 3975 
58 2 1 1248 529 5297 3 6005 91 29 0 47 205 21 1363 1271 1153 6 1787 156 11 95 33 74 4 1067 411 52 2115 139 155 
59 9913 1 2 43 756 0 1096 3 35 3002 34 2736 15 32 3843 55 5333 914 1655 7979 4 12 64 225 99 54 149 5376 28 2187 
60 18 118 3616 0 690 15 773 32 124 1 2 6 713 4 412 174 14 586 99 16 3 4327 49 261 5 58 63 5661 2848 138 
61 0 558 3 12 15 4648 4 10 1291 1776 181 1 17 1909 225 49 1650 2 342 157 20 175 7 5 19 650 164 405 7189 102 3831 3389 
62 4476 2 6 0 177 938 1 64 16 133 4 1871 36 33 831 580 4533 49 418 8855 120 52 28 47 50 1173 164 5 1282 8 355 1310 1263 
63 2 7121 138 71 0 13 12 23 2209 476 1524 4 287 26 22 24 29 487 1 1133 890 968 3935 86 140 80 79 509 279 11 167 3320 16 61 57 977 1263 1290 
64 3713 32 384 270 13 6 351 60 40 9 6580 1 10 0 5474 126 2 358 8 2126 1601 748 56 17 3 2919 5954 1907 1738 7 36 538 11 973 290 1737 
65 1001 1 0 484 7421 4 605 7 88 3677 2016 3009 12 5 81 3 181 587 297 502 7187 195 222 15 11 192 50 13 82 5482 482 
66 473 3 2 632 1 0 2945 3193 103 6285 7 147 5467 12 339 8 22 19 114 4709 367 4374 408 5 46 171 532 57 6 9520 92 21 7007 163 551 32 133 5545 404 126 3767 554 
67 20 91 13 207 0 43 19 2649 5 3004 574 1424 65 36 742 2 6 1030 14 1 257 39 18 55 4 9 374 8 2928 1325 35 52 40 22 121 6147 482 708 
68 0 1888 50 217 1 441 71 11 15 249 5463 3 33 2 130 27 512 966 332 437 14 129 6021 84 5 7303 133 17 887 142 822 481 135 1450 725 9 28 4347 621 1958 
69 196 2 1 3 2100 7075 0 5 994 85 36 354 89 6450 19 77 309 3247 1112 30 4 32 2725 6 512 270 588 8 318 90 7 659 6986 126 1482 
70 4 47 17 36 38 1 2 1061 21 0 9 9140 15 174 2547 5 6 61 90 4625 2035 334 30 16 59 1695 22 78 206 3 39 5465 7 6234 2513 
71 2 204 586 3 22 29 214 452 338 6 5 0 1 437 4581 16 478 2726 5195 1264 680 1867 202 60 15 131 2611 2236 7 1671 
72 1037 4 6 251 2 11 790 357 103 1 99 3839 22 35 2225 4448 9 117 0 5 1296 2693 74 17 12 1478 4838 30 3 15 856 1807 20 8 
73 909 2 8 23 15 9589 30 2708 9739 705 0 139 36 1562 4 7798 1 1129 6 317 1062 431 16 240 652 98 2643 113 4151 39 193 899 131 120 2060 
74 181 565 1 143 0 323 804 29 63 31 5417 9 283 48 46 2 1963 5 312 8 146 91 4 3 7 719 201 199 948 3931 120 968 
75 0 1 4828 144 5233 171 687 6 8738 1011 37 14 868 157 108 158 12 5 4342 16 191 192 18 67 7 402 3 1251 80 4 240 2 8258 371 1604 1958 6165 
76 0 23 12 2 1540 1 1215 80 126 48 16 21 389 260 341 270 49 1615 4 938 3 11 39 261 756 125 1027 371 9 6 155 53 20 10 2836 867 8988 138 3849 2060 
77 4363 11 0 82 6 354 1005 161 3180 1393 208 83 449 3411 4 806 17 1 2 7 105 29 1467 1593 27 1776 65 1114 47 4430 170 969 1319 6163 1333 2398 
78 11 30 4834 23 1 6 137 0 7 3 6376 17 46 4 32 2345 534 68 397 96 14 842 2 22 1680 1228 39 84 3900 879 4421 52 307 37 2282 355 2818 155 7055 
79 2491 97 281 4151 88 0 911 819 87 3608 11 7 13 10 4486 35 2195 4734 2 15 161 1390 7371 179 21 1 46 4962 2201 27 1734 14 2857 69 138 1671 
80 0 1137 1 39 20 21 8 11 66 3 6 33 585 10 257 42 1112 77 641 143 23 2 7 79 1810 2211 75 1003 1004 19 5 371 121 
81 4 2 1138 694 3 0 206 513 7320 127 10 1 3199 6842 68 560 11 37 28 9039 200 466 149 72 1375 44 9 54 6 112 103 7481 17 7033 194 3021 8 69 155 9584 
82 0 5675 1329 1 548 2 249 9252 61 14 309 735 231 360 225 994 1126 155 3 118 2518 263 6411 3989 1260 22 723 308 124 71 3323 6656 3097 138 968 
83 1 25 5016 7 0 13 52 37 423 3327 46 3 19 3164 6981 2087 8123 2 15 859 12 513 6270 214 546 174 47 2434 4 2825 2780 1452 3244 3975 
84 3140 86 9989 7702 683 0 172 9375 23 8 46 15 367 643 1480 5 8153 3 1223 2 1707 18 75 17 31 60 43 7 695 2896 1034 21 1283 28 27 155 554 2264 
85 6 225 0 1 128 6038 2 2925 10 258 29 9479 3 8 23 248 2013 30 11 996 33 80 15 36 1017 169 9 37 441 7 176 355 253 468 
86 2 0 18 3 1 3367 6 1099 222 353 584 206 4113 3526 59 6450 20 4958 4 159 3428 2564 48 2552 45 16 56 1318 817 436 303 1502 
87 3160 2 20 4548 435 1 22 4048 0 242 14 216 7 239 4 310 28 149 1799 46 3 186 81 15 277 1009 9 6881 1021 11 1804 30 8 166 9542 176 
88 0 869 4 6 982 150 203 170 17 12 586 3 42 5731 7 80 15 1 81 4300 137 714 111 67 631 36 2 37 501 655 554 138 
89 9569 7627 0 2 7 3 59 5 1 42 37 3176 3529 51 16 353 1475 6 45 76 142 113 128 173 87 10 121 1495 
90 12 1 414 1776 6 330 231 172 4007 6607 2246 0 61 13 2 4189 16 3 7245 419 617 3073 4 76 64 559 5989 98 2718 907 261 8 72 679 
91 330 1 1935 3 5 33 9167 2072 1628 196 77 14 125 13 104 0 85 224 1932 93 101 4 2 352 150 964 2052 22 8 48 82 3244 2591 3684 
92 4 2 1 194 534 6 0 903 10 1358 66 2463 90 30 8 235 304 5 21 6229 216 232 1562 11 681 6466 417 399 37 551 3488 735 309 176 138 3097 
93 8868 1 0 45 11 5 15 2 7475 1182 211 39 40 747 3 57 7315 8389 702 2715 312 74 111 291 3175 326 364 1273 17 2409 409 193 1417 632 2067 1951 4171 
94 569 98 245 1047 4 13 141 1 76 1463 0 938 450 1568 5 20 1241 4712 687 11 28 6 29 43 8 51 980 32 8970 2923 238 7003 
95 885 1 33 93 4498 2 26 59 116 0 178 106 248 20 4 389 1312 356 686 38 17 11 6 13 202 160 113 265 5 57 9 138 
96 4448 4628 659 324 1229 8168 91 57 1012 4 7 71 105 1465 5404 5592 1 75 0 8 39 33 167 241 824 668 66 22 332 154 253 1482 138 
97 955 190 1199 5 3771 0 82 54 14 40 2653 8 6379 519 98 4 120 34 520 381 1817 998 5674 20 38 2 17 1494 69 30 983 9691 770 472 1 129 187 4266 7 1434 
98 2 6 341 26 3 434 1069 19 54 139 11 4 6932 2395 8 51 0 9 641 2859 1 134 39 1546 291 795 5478 40 2712 205 165 15 193 7 28 797 3097 1263 1671 
99 25 3849 1 0 6 2568 18 7979 187 31 16 43 501 7 2 9 5 1280 130 5407 240 3 39 712 151 387 200 133 496 35 3182 5313 1954 6402 3110 708 138 
